2018-08-22 15:22:39 +0000  Initial pipeline context: <IDEDistributionProcessingPipelineContext: 0x7f9894408a60; archive(resolved)='<IDEArchive: 0x7f98b23867f0>', distributionTask(resolved)='2', distributionMethod(resolved)='<IDEDistributionMethodDevelopmentSigned: 0x7f98ac496b30>', team(resolved)='<IDEProvisioningBasicTeam: 0x7f98ac2c2c70; teamID='V77DBN8C49', teamName='BigJump Limited'>'>
	Chain (11, self inclusive):
	<IDEDistributionProcessingPipelineContext: 0x7f9894408a60; archive = '<IDEArchive: 0x7f98b23867f0>', distributionMethod='<IDEDistributionMethodDevelopmentSigned: 0x7f98ac496b30>', team='<IDEProvisioningBasicTeam: 0x7f98ac2c2c70; teamID='V77DBN8C49', teamName='BigJump Limited'>'>
	<IDEDistributionProcessingPipelineContext: 0x7f989442a660; archive = '<IDEArchive: 0x7f98b23867f0>', distributionMethod='<IDEDistributionMethodDevelopmentSigned: 0x7f98ac496b30>', team='<IDEProvisioningBasicTeam: 0x7f98ac2c2c70; teamID='V77DBN8C49', teamName='BigJump Limited'>'>
	<IDEDistributionContext: 0x7f989443b7e0; archive = '<IDEArchive: 0x7f98b23867f0>', distributionMethod='<IDEDistributionMethodDevelopmentSigned: 0x7f98ac496b30>', team='<IDEProvisioningBasicTeam: 0x7f98ac2c2c70; teamID='V77DBN8C49', teamName='BigJump Limited'>'>
	<IDEDistributionContext: 0x7f98b03772c0; archive = '<IDEArchive: 0x7f98b23867f0>', distributionMethod='<IDEDistributionMethodDevelopmentSigned: 0x7f98ac496b30>', team='<IDEProvisioningBasicTeam: 0x7f98ac2c2c70; teamID='V77DBN8C49', teamName='BigJump Limited'>'>
	<IDEDistributionContext: 0x7f98b0823db0; archive = '<IDEArchive: 0x7f98b23867f0>', distributionMethod='<IDEDistributionMethodDevelopmentSigned: 0x7f98ac496b30>', team='<IDEProvisioningBasicTeam: 0x7f98ac2c2c70; teamID='V77DBN8C49', teamName='BigJump Limited'>'>
	<IDEDistributionContext: 0x7f98aca18280; archive = '<IDEArchive: 0x7f98b23867f0>', distributionMethod='<IDEDistributionMethodDevelopmentSigned: 0x7f98ac496b30>', team='<IDEProvisioningBasicTeam: 0x7f98ac2c2c70; teamID='V77DBN8C49', teamName='BigJump Limited'>'>
	<IDEDistributionContext: 0x7f98942cf7b0; archive = '<IDEArchive: 0x7f98b23867f0>', distributionMethod='<IDEDistributionMethodDevelopmentSigned: 0x7f98ac496b30>', team='<IDEProvisioningBasicTeam: 0x7f98ac2c2c70; teamID='V77DBN8C49', teamName='BigJump Limited'>'>
	<IDEDistributionContext: 0x7f98b12f65a0; archive = '<IDEArchive: 0x7f98b23867f0>', distributionMethod='<IDEDistributionMethodDevelopmentSigned: 0x7f98ac496b30>', team='<IDEProvisioningBasicTeam: 0x7f98ac2c2c70; teamID='V77DBN8C49', teamName='BigJump Limited'>'>
	<IDEDistributionContext: 0x7f98aee28c50; archive = '<IDEArchive: 0x7f98b23867f0>', distributionMethod='<IDEDistributionMethodDevelopmentSigned: 0x7f98ac496b30>', team='<IDEProvisioningBasicTeam: 0x7f98ac2c2c70; teamID='V77DBN8C49', teamName='BigJump Limited'>'>
	<IDEDistributionContext: 0x7f98ac33a460; archive = '<IDEArchive: 0x7f98b23867f0>', distributionMethod='<IDEDistributionMethodDevelopmentSigned: 0x7f98ac496b30>', team='(null)'>
	<IDEDistributionContext: 0x7f98b0bc88f0; archive = '<IDEArchive: 0x7f98b23867f0>', distributionMethod='(null)', team='(null)'>
</IDEDistributionProcessingPipelineContext: 0x7f9894408a60>
2018-08-22 15:22:39 +0000  Processing step: IDEDistributionCreateDestRootStep
2018-08-22 15:22:39 +0000  Processing step: IDEDistributionCopyItemStep
2018-08-22 15:22:39 +0000  Running /usr/bin/ditto '-V' '/Users/bigjump/Library/Developer/Xcode/Archives/2018-08-22/TeamShout 22-08-2018, 16.18.xcarchive/Products/Applications/TeamShout.app' '/var/folders/54/_t470zws085f98792ddpn4ph0000gn/T/XcodeDistPipeline.RQJ/Root/Payload/TeamShout.app'
2018-08-22 15:22:39 +0000  >>> Copying /Users/bigjump/Library/Developer/Xcode/Archives/2018-08-22/TeamShout 22-08-2018, 16.18.xcarchive/Products/Applications/TeamShout.app 
2018-08-22 15:22:39 +0000  copying file ./_CodeSignature/CodeResources ... 
2018-08-22 15:22:39 +0000  39153 bytes for ./_CodeSignature/CodeResources
2018-08-22 15:22:39 +0000  copying file ./AppIcon20x20@2x.png ... 
2018-08-22 15:22:39 +0000  1169 bytes for ./AppIcon20x20@2x.png
2018-08-22 15:22:39 +0000  copying file ./TeamShout ... 
2018-08-22 15:22:39 +0000  2927728 bytes for ./TeamShout
copying file ./MainViewController.nib ... 
2018-08-22 15:22:39 +0000  943 bytes for ./MainViewController.nib
copying file ./AppIcon57x57.png ... 
2154 bytes for ./AppIcon57x57.png
copying file ./AppIcon20x20@3x.png ... 
2264 bytes for ./AppIcon20x20@3x.png
copying file ./AppIcon29x29.png ... 
1194 bytes for ./AppIcon29x29.png
copying file ./AppIcon60x60@2x.png ... 
2018-08-22 15:22:39 +0000  5640 bytes for ./AppIcon60x60@2x.png
2018-08-22 15:22:39 +0000  copying file ./AppIcon72x72@2x~ipad.png ... 
2018-08-22 15:22:39 +0000  7497 bytes for ./AppIcon72x72@2x~ipad.png
copying file ./AppIcon29x29@2x.png ... 
2018-08-22 15:22:39 +0000  2195 bytes for ./AppIcon29x29@2x.png
copying file ./AppIcon40x40@3x.png ... 
2018-08-22 15:22:39 +0000  5640 bytes for ./AppIcon40x40@3x.png
copying file ./AppIcon57x57@2x.png ... 
2018-08-22 15:22:39 +0000  5226 bytes for ./AppIcon57x57@2x.png
copying file ./AppIcon29x29~ipad.png ... 
2018-08-22 15:22:39 +0000  1194 bytes for ./AppIcon29x29~ipad.png
2018-08-22 15:22:39 +0000  copying file ./AppIcon40x40@2x.png ... 
2018-08-22 15:22:39 +0000  3173 bytes for ./AppIcon40x40@2x.png
copying file ./AppIcon29x29@3x.png ... 
2018-08-22 15:22:39 +0000  3605 bytes for ./AppIcon29x29@3x.png
copying file ./GoogleService-Info.plist ... 
2018-08-22 15:22:39 +0000  885 bytes for ./GoogleService-Info.plist
2018-08-22 15:22:39 +0000  copying file ./AppIcon60x60@3x.png ... 
2018-08-22 15:22:39 +0000  10823 bytes for ./AppIcon60x60@3x.png
2018-08-22 15:22:39 +0000  copying file ./config.xml ... 
2018-08-22 15:22:39 +0000  4186 bytes for ./config.xml
2018-08-22 15:22:39 +0000  copying file ./www/index.html ... 
2018-08-22 15:22:39 +0000  743 bytes for ./www/index.html
2018-08-22 15:22:39 +0000  copying file ./www/statics/favicon-16x16.png ... 
2018-08-22 15:22:39 +0000  1128 bytes for ./www/statics/favicon-16x16.png
2018-08-22 15:22:39 +0000  copying file ./www/statics/js/jwt-decode.min.js ... 
2018-08-22 15:22:39 +0000  2578 bytes for ./www/statics/js/jwt-decode.min.js
2018-08-22 15:22:39 +0000  copying file ./www/statics/ios/ios-launchimage-1536-2048.png ... 
2018-08-22 15:22:39 +0000  353987 bytes for ./www/statics/ios/ios-launchimage-1536-2048.png
copying file ./www/statics/ios/ios-launchimage-1024-768.png ... 
2018-08-22 15:22:39 +0000  115386 bytes for ./www/statics/ios/ios-launchimage-1024-768.png
copying file ./www/statics/ios/ios-appicon-1024-1024.png ... 
2018-08-22 15:22:39 +0000  180691 bytes for ./www/statics/ios/ios-appicon-1024-1024.png
2018-08-22 15:22:39 +0000  copying file ./www/statics/ios/ios-launchimage-1242-2208.png ... 
2018-08-22 15:22:39 +0000  253863 bytes for ./www/statics/ios/ios-launchimage-1242-2208.png
copying file ./www/statics/ios/ios-appicon-76-76.png ... 
2018-08-22 15:22:39 +0000  2698 bytes for ./www/statics/ios/ios-appicon-76-76.png
copying file ./www/statics/ios/ios-launchimage-768-1024.png ... 
2018-08-22 15:22:39 +0000  114649 bytes for ./www/statics/ios/ios-launchimage-768-1024.png
copying file ./www/statics/ios/ios-launchimage-2208-1242.png ... 
2018-08-22 15:22:39 +0000  259502 bytes for ./www/statics/ios/ios-launchimage-2208-1242.png
2018-08-22 15:22:39 +0000  copying file ./www/statics/ios/ios-launchimage-750-1334.png ... 
2018-08-22 15:22:39 +0000  111664 bytes for ./www/statics/ios/ios-launchimage-750-1334.png
copying file ./www/statics/ios/ios-launchimage-640-960.png ... 
2018-08-22 15:22:39 +0000  84690 bytes for ./www/statics/ios/ios-launchimage-640-960.png
copying file ./www/statics/ios/ios-launchimage-640-1136.png ... 
2018-08-22 15:22:39 +0000  86181 bytes for ./www/statics/ios/ios-launchimage-640-1136.png
2018-08-22 15:22:39 +0000  copying file ./www/statics/ios/ios-appicon-120-120.png ... 
2018-08-22 15:22:39 +0000  4732 bytes for ./www/statics/ios/ios-appicon-120-120.png
copying file ./www/statics/ios/ios-launchimage-2048-1536.png ... 
2018-08-22 15:22:39 +0000  357884 bytes for ./www/statics/ios/ios-launchimage-2048-1536.png
copying file ./www/statics/ios/ios-appicon-152-152.png ... 
2018-08-22 15:22:39 +0000  6843 bytes for ./www/statics/ios/ios-appicon-152-152.png
2018-08-22 15:22:39 +0000  copying file ./www/statics/ios/ios-launchimage-1334-750.png ... 
2018-08-22 15:22:39 +0000  111900 bytes for ./www/statics/ios/ios-launchimage-1334-750.png
2018-08-22 15:22:39 +0000  copying file ./www/statics/ios/ios-appicon-180-180.png ... 
2018-08-22 15:22:39 +0000  8835 bytes for ./www/statics/ios/ios-appicon-180-180.png
2018-08-22 15:22:39 +0000  copying file ./www/statics/android/android-launchericon-512-512.png ... 
2018-08-22 15:22:39 +0000  55677 bytes for ./www/statics/android/android-launchericon-512-512.png
copying file ./www/statics/android/android-launchericon-144-144.png ... 
2018-08-22 15:22:39 +0000  6216 bytes for ./www/statics/android/android-launchericon-144-144.png
copying file ./www/statics/android/android-launchericon-48-48.png ... 
2018-08-22 15:22:39 +0000  1658 bytes for ./www/statics/android/android-launchericon-48-48.png
2018-08-22 15:22:39 +0000  copying file ./www/statics/android/android-launchericon-192-192.png ... 
2018-08-22 15:22:39 +0000  9995 bytes for ./www/statics/android/android-launchericon-192-192.png
copying file ./www/statics/android/android-launchericon-96-96.png ... 
2018-08-22 15:22:39 +0000  3433 bytes for ./www/statics/android/android-launchericon-96-96.png
copying file ./www/statics/android/android-launchericon-72-72.png ... 
2018-08-22 15:22:39 +0000  2540 bytes for ./www/statics/android/android-launchericon-72-72.png
2018-08-22 15:22:39 +0000  copying file ./www/statics/icons/favicon-16x16.png ... 
2018-08-22 15:22:39 +0000  1355 bytes for ./www/statics/icons/favicon-16x16.png
copying file ./www/statics/icons/icon-192x192.png ... 
2018-08-22 15:22:39 +0000  10518 bytes for ./www/statics/icons/icon-192x192.png
2018-08-22 15:22:39 +0000  copying file ./www/statics/icons/icon-256x256.png ... 
2018-08-22 15:22:39 +0000  15048 bytes for ./www/statics/icons/icon-256x256.png
2018-08-22 15:22:39 +0000  copying file ./www/statics/icons/icon-384x384.png ... 
2018-08-22 15:22:39 +0000  23241 bytes for ./www/statics/icons/icon-384x384.png
copying file ./www/statics/icons/ms-icon-144x144.png ... 
2018-08-22 15:22:39 +0000  12292 bytes for ./www/statics/icons/ms-icon-144x144.png
copying file ./www/statics/icons/apple-icon-152x152.png ... 
2018-08-22 15:22:39 +0000  13156 bytes for ./www/statics/icons/apple-icon-152x152.png
2018-08-22 15:22:39 +0000  copying file ./www/statics/icons/icon-512x512.png ... 
2018-08-22 15:22:39 +0000  29707 bytes for ./www/statics/icons/icon-512x512.png
copying file ./www/statics/icons/favicon-32x32.png ... 
2018-08-22 15:22:39 +0000  2604 bytes for ./www/statics/icons/favicon-32x32.png
copying file ./www/statics/icons/icon-128x128.png ... 
2018-08-22 15:22:39 +0000  7197 bytes for ./www/statics/icons/icon-128x128.png
2018-08-22 15:22:39 +0000  copying file ./www/statics/quasar-logo.png ... 
2018-08-22 15:22:39 +0000  7197 bytes for ./www/statics/quasar-logo.png
2018-08-22 15:22:39 +0000  copying file ./www/statics/favicon-32x32.png ... 
2018-08-22 15:22:39 +0000  1743 bytes for ./www/statics/favicon-32x32.png
2018-08-22 15:22:39 +0000  copying file ./www/cordova.js ... 
2018-08-22 15:22:39 +0000  78123 bytes for ./www/cordova.js
2018-08-22 15:22:39 +0000  copying file ./www/plugins/cordova-plugin-customurlscheme/www/ios/LaunchMyApp.js ... 
2018-08-22 15:22:39 +0000  479 bytes for ./www/plugins/cordova-plugin-customurlscheme/www/ios/LaunchMyApp.js
2018-08-22 15:22:39 +0000  copying file ./www/plugins/cordova-plugin-wkwebview-engine/src/www/ios/ios-wkwebview.js ... 
2018-08-22 15:22:39 +0000  1167 bytes for ./www/plugins/cordova-plugin-wkwebview-engine/src/www/ios/ios-wkwebview.js
2018-08-22 15:22:39 +0000  copying file ./www/plugins/cordova-plugin-wkwebview-engine/src/www/ios/ios-wkwebview-exec.js ... 
2018-08-22 15:22:39 +0000  6170 bytes for ./www/plugins/cordova-plugin-wkwebview-engine/src/www/ios/ios-wkwebview-exec.js
2018-08-22 15:22:39 +0000  copying file ./www/plugins/cordova-plugin-splashscreen/www/splashscreen.js ... 
2018-08-22 15:22:39 +0000  1173 bytes for ./www/plugins/cordova-plugin-splashscreen/www/splashscreen.js
2018-08-22 15:22:39 +0000  copying file ./www/plugins/cordova-plugin-fcm/www/FCMPlugin.js ... 
2018-08-22 15:22:39 +0000  1639 bytes for ./www/plugins/cordova-plugin-fcm/www/FCMPlugin.js
2018-08-22 15:22:39 +0000  copying file ./www/js/2.js ... 
2018-08-22 15:22:39 +0000  119930 bytes for ./www/js/2.js
2018-08-22 15:22:39 +0000  copying file ./www/js/6.js ... 
2018-08-22 15:22:39 +0000  8611 bytes for ./www/js/6.js
copying file ./www/js/7.js ... 
2018-08-22 15:22:39 +0000  1613 bytes for ./www/js/7.js
copying file ./www/js/3.js ... 
2018-08-22 15:22:39 +0000  2180 bytes for ./www/js/3.js
2018-08-22 15:22:39 +0000  copying file ./www/js/11.js ... 
2018-08-22 15:22:39 +0000  1381 bytes for ./www/js/11.js
copying file ./www/js/8.js ... 
2018-08-22 15:22:39 +0000  1958 bytes for ./www/js/8.js
copying file ./www/js/15.js ... 
2018-08-22 15:22:39 +0000  745 bytes for ./www/js/15.js
2018-08-22 15:22:39 +0000  copying file ./www/js/14.js ... 
2018-08-22 15:22:39 +0000  737 bytes for ./www/js/14.js
copying file ./www/js/10.js ... 
2018-08-22 15:22:39 +0000  1274 bytes for ./www/js/10.js
copying file ./www/js/9.js ... 
2018-08-22 15:22:39 +0000  1173 bytes for ./www/js/9.js
2018-08-22 15:22:39 +0000  copying file ./www/js/vendor.js ... 
2018-08-22 15:22:39 +0000  1883173 bytes for ./www/js/vendor.js
copying file ./www/js/13.js ... 
2018-08-22 15:22:39 +0000  709 bytes for ./www/js/13.js
copying file ./www/js/12.js ... 
727 bytes for ./www/js/12.js
copying file ./www/js/16.js ... 
2018-08-22 15:22:39 +0000  640 bytes for ./www/js/16.js
copying file ./www/js/4.js ... 
2018-08-22 15:22:39 +0000  813 bytes for ./www/js/4.js
copying file ./www/js/0.js ... 
2018-08-22 15:22:39 +0000  14104 bytes for ./www/js/0.js
2018-08-22 15:22:39 +0000  copying file ./www/js/app.js ... 
2018-08-22 15:22:39 +0000  212950 bytes for ./www/js/app.js
2018-08-22 15:22:39 +0000  copying file ./www/js/5.js ... 
2018-08-22 15:22:39 +0000  3671 bytes for ./www/js/5.js
2018-08-22 15:22:39 +0000  copying file ./www/img/tinymce-small.svg ... 
2018-08-22 15:22:39 +0000  24727 bytes for ./www/img/tinymce-small.svg
copying file ./www/img/tinymce.svg ... 
2018-08-22 15:22:39 +0000  45989 bytes for ./www/img/tinymce.svg
2018-08-22 15:22:39 +0000  copying file ./www/cordova-js-src/exec.js ... 
2018-08-22 15:22:39 +0000  8877 bytes for ./www/cordova-js-src/exec.js
2018-08-22 15:22:39 +0000  copying file ./www/cordova-js-src/plugin/ios/logger.js ... 
2018-08-22 15:22:39 +0000  10233 bytes for ./www/cordova-js-src/plugin/ios/logger.js
copying file ./www/cordova-js-src/plugin/ios/console.js ... 
2018-08-22 15:22:39 +0000  6822 bytes for ./www/cordova-js-src/plugin/ios/console.js
2018-08-22 15:22:39 +0000  copying file ./www/cordova-js-src/platform.js ... 
2018-08-22 15:22:39 +0000  1168 bytes for ./www/cordova-js-src/platform.js
2018-08-22 15:22:39 +0000  copying file ./www/cordova_plugins.js ... 
2018-08-22 15:22:39 +0000  1563 bytes for ./www/cordova_plugins.js
2018-08-22 15:22:39 +0000  copying file ./www/fonts/tinymce.ttf ... 
2018-08-22 15:22:39 +0000  18644 bytes for ./www/fonts/tinymce.ttf
2018-08-22 15:22:39 +0000  copying file ./www/fonts/KFOlCnqEu92Fr1MmEU9fBBc-.woff ... 
2018-08-22 15:22:39 +0000  20012 bytes for ./www/fonts/KFOlCnqEu92Fr1MmEU9fBBc-.woff
copying file ./www/fonts/flUhRq6tzZclQEJ-Vdg-IuiaDsNa.woff ... 
2018-08-22 15:22:39 +0000  71764 bytes for ./www/fonts/flUhRq6tzZclQEJ-Vdg-IuiaDsNa.woff
copying file ./www/fonts/KFOlCnqEu92Fr1MmWUlfBBc-.woff ... 
2018-08-22 15:22:39 +0000  19888 bytes for ./www/fonts/KFOlCnqEu92Fr1MmWUlfBBc-.woff
2018-08-22 15:22:39 +0000  copying file ./www/fonts/fa-regular-400.woff2 ... 
2018-08-22 15:22:39 +0000  14888 bytes for ./www/fonts/fa-regular-400.woff2
copying file ./www/fonts/tinymce.woff ... 
2018-08-22 15:22:39 +0000  18720 bytes for ./www/fonts/tinymce.woff
copying file ./www/fonts/tinymce.eot ... 
2018-08-22 15:22:39 +0000  18808 bytes for ./www/fonts/tinymce.eot
2018-08-22 15:22:39 +0000  copying file ./www/fonts/flUhRq6tzZclQEJ-Vdg-IuiaDsNcIhQ8tQ.woff2 ... 
2018-08-22 15:22:39 +0000  54644 bytes for ./www/fonts/flUhRq6tzZclQEJ-Vdg-IuiaDsNcIhQ8tQ.woff2
2018-08-22 15:22:39 +0000  copying file ./www/fonts/KFOlCnqEu92Fr1MmSU5fBBc-.woff ... 
2018-08-22 15:22:39 +0000  19916 bytes for ./www/fonts/KFOlCnqEu92Fr1MmSU5fBBc-.woff
2018-08-22 15:22:39 +0000  copying file ./www/fonts/clarendonbtroman.ttf ... 
2018-08-22 15:22:39 +0000  47272 bytes for ./www/fonts/clarendonbtroman.ttf
2018-08-22 15:22:39 +0000  copying file ./www/fonts/tt0284m.ttf ... 
2018-08-22 15:22:39 +0000  52876 bytes for ./www/fonts/tt0284m.ttf
copying file ./www/fonts/fa-regular-400.woff ... 
2018-08-22 15:22:39 +0000  18156 bytes for ./www/fonts/fa-regular-400.woff
2018-08-22 15:22:39 +0000  copying file ./www/fonts/fa-solid-900.woff ... 
2018-08-22 15:22:39 +0000  80484 bytes for ./www/fonts/fa-solid-900.woff
2018-08-22 15:22:39 +0000  copying file ./www/fonts/KFOmCnqEu92Fr1Mu4mxM.woff ... 
2018-08-22 15:22:39 +0000  19824 bytes for ./www/fonts/KFOmCnqEu92Fr1Mu4mxM.woff
copying file ./www/fonts/KFOlCnqEu92Fr1MmYUtfBBc-.woff ... 
2018-08-22 15:22:39 +0000  19936 bytes for ./www/fonts/KFOlCnqEu92Fr1MmYUtfBBc-.woff
copying file ./www/fonts/fa-solid-900.woff2 ... 
2018-08-22 15:22:39 +0000  62472 bytes for ./www/fonts/fa-solid-900.woff2
2018-08-22 15:22:39 +0000  copying file ./www/fonts/KFOkCnqEu92Fr1MmgVxIIzQ.woff ... 
2018-08-22 15:22:39 +0000  19936 bytes for ./www/fonts/KFOkCnqEu92Fr1MmgVxIIzQ.woff
copying file ./www/fonts/fa-brands-400.woff2 ... 
2018-08-22 15:22:39 +0000  64144 bytes for ./www/fonts/fa-brands-400.woff2
copying file ./www/fonts/fa-brands-400.woff ... 
2018-08-22 15:22:39 +0000  74928 bytes for ./www/fonts/fa-brands-400.woff
2018-08-22 15:22:39 +0000  copying file ./Assets.car ... 
2018-08-22 15:22:39 +0000  401976 bytes for ./Assets.car
copying file ./AppIcon40x40@2x~ipad.png ... 
2018-08-22 15:22:39 +0000  3173 bytes for ./AppIcon40x40@2x~ipad.png
2018-08-22 15:22:39 +0000  copying file ./AppIcon76x76@2x~ipad.png ... 
2018-08-22 15:22:39 +0000  8200 bytes for ./AppIcon76x76@2x~ipad.png
2018-08-22 15:22:39 +0000  copying file ./AppIcon72x72~ipad.png ... 
2018-08-22 15:22:39 +0000  2904 bytes for ./AppIcon72x72~ipad.png
2018-08-22 15:22:39 +0000  copying file ./CDVLaunchScreen.storyboardc/01J-lp-oVM-view-Ze5-6b-2t3.nib ... 
2018-08-22 15:22:39 +0000  2283 bytes for ./CDVLaunchScreen.storyboardc/01J-lp-oVM-view-Ze5-6b-2t3.nib
2018-08-22 15:22:39 +0000  copying file ./CDVLaunchScreen.storyboardc/UIViewController-01J-lp-oVM.nib ... 
2018-08-22 15:22:39 +0000  832 bytes for ./CDVLaunchScreen.storyboardc/UIViewController-01J-lp-oVM.nib
2018-08-22 15:22:39 +0000  copying file ./CDVLaunchScreen.storyboardc/Info.plist ... 
2018-08-22 15:22:39 +0000  258 bytes for ./CDVLaunchScreen.storyboardc/Info.plist
2018-08-22 15:22:39 +0000  copying file ./AppIcon83.5x83.5@2x~ipad.png ... 
2018-08-22 15:22:39 +0000  28234 bytes for ./AppIcon83.5x83.5@2x~ipad.png
2018-08-22 15:22:39 +0000  copying file ./AppIcon50x50~ipad.png ... 
2018-08-22 15:22:39 +0000  1611 bytes for ./AppIcon50x50~ipad.png
2018-08-22 15:22:39 +0000  copying file ./AppIcon29x29@2x~ipad.png ... 
2018-08-22 15:22:39 +0000  2195 bytes for ./AppIcon29x29@2x~ipad.png
2018-08-22 15:22:39 +0000  copying file ./AppIcon50x50@2x~ipad.png ... 
2018-08-22 15:22:39 +0000  4352 bytes for ./AppIcon50x50@2x~ipad.png
2018-08-22 15:22:39 +0000  copying file ./AppIcon40x40~ipad.png ... 
2018-08-22 15:22:39 +0000  1169 bytes for ./AppIcon40x40~ipad.png
2018-08-22 15:22:39 +0000  copying file ./embedded.mobileprovision ... 
2018-08-22 15:22:39 +0000  9836 bytes for ./embedded.mobileprovision
2018-08-22 15:22:39 +0000  copying file ./AppIcon20x20@2x~ipad.png ... 
2018-08-22 15:22:39 +0000  1169 bytes for ./AppIcon20x20@2x~ipad.png
2018-08-22 15:22:39 +0000  copying file ./Info.plist ... 
2018-08-22 15:22:39 +0000  1679 bytes for ./Info.plist
copying file ./PkgInfo ... 
2018-08-22 15:22:39 +0000  8 bytes for ./PkgInfo
copying file ./AppIcon76x76~ipad.png ... 
2018-08-22 15:22:39 +0000  3126 bytes for ./AppIcon76x76~ipad.png
2018-08-22 15:22:39 +0000  
2018-08-22 15:22:39 +0000  2018-08-22 15:22:39 +0000  /usr/bin/ditto exited with 0

2018-08-22 15:22:39 +0000  
2018-08-22 15:22:39 +0000  
2018-08-22 15:22:39 +0000  Processing step: IDEDistributionEmbedProfileStep
2018-08-22 15:22:39 +0000  Processing step: IDEDistributionAppThinningPlistStep
2018-08-22 15:22:39 +0000  Skipping step: IDEDistributionAppThinningPlistStep because it said so
2018-08-22 15:22:39 +0000  Processing step: IDEDistributionCompileBitcodeStep
2018-08-22 15:22:39 +0000  Skipping step: IDEDistributionCompileBitcodeStep because it said so
2018-08-22 15:22:39 +0000  Processing step: IDEDistributionCodeSlimmingStep
2018-08-22 15:22:39 +0000  Processing step: IDEDistributionCopyBCSymbolMapsStep
2018-08-22 15:22:39 +0000  Skipping step: IDEDistributionCopyBCSymbolMapsStep because it said so
2018-08-22 15:22:39 +0000  Processing step: IDEDistributionSymbolsStep
2018-08-22 15:22:39 +0000  Skipping step: IDEDistributionSymbolsStep because it said so
2018-08-22 15:22:39 +0000  Processing step: IDEDistributionAppThinningStep
2018-08-22 15:22:39 +0000  Skipping step: IDEDistributionAppThinningStep because it said so
2018-08-22 15:22:39 +0000  Processing step: IDEDistributionODRStep
2018-08-22 15:22:39 +0000  Processing step: IDEDistributionStripXattrsStep
2018-08-22 15:22:39 +0000  Running /usr/bin/xattr '-crs' '/var/folders/54/_t470zws085f98792ddpn4ph0000gn/T/XcodeDistPipeline.RQJ/Root/Payload/TeamShout.app'
2018-08-22 15:22:39 +0000  
2018-08-22 15:22:39 +0000  2018-08-22 15:22:39 +0000  /usr/bin/xattr exited with 0

2018-08-22 15:22:39 +0000  
2018-08-22 15:22:39 +0000  
2018-08-22 15:22:39 +0000  Processing step: IDEDistributionCodesignStep
2018-08-22 15:22:39 +0000  Entitlements for <IDEDistributionItem: 0x7f98a9dfa6a0 'com.bigjump.teamshoutapp' '<DVTFilePath:0x7f98b14dcf30:'/Users/bigjump/Library/Developer/Xcode/Archives/2018-08-22/TeamShout 22-08-2018, 16.18.xcarchive/Products/Applications/TeamShout.app'>'>: {
    "application-identifier" = "V77DBN8C49.com.bigjump.teamshoutapp";
    "aps-environment" = development;
    "com.apple.developer.team-identifier" = V77DBN8C49;
    "get-task-allow" = 1;
}
2018-08-22 15:22:39 +0000  Writing entitlements for <IDEDistributionItem: 0x7f98a9dfa6a0 'com.bigjump.teamshoutapp' '<DVTFilePath:0x7f98b14dcf30:'/Users/bigjump/Library/Developer/Xcode/Archives/2018-08-22/TeamShout 22-08-2018, 16.18.xcarchive/Products/Applications/TeamShout.app'>'> to: /var/folders/54/_t470zws085f98792ddpn4ph0000gn/T/XcodeDistPipeline.RQJ/entitlementsEJkin2
2018-08-22 15:22:39 +0000  Running /usr/bin/codesign '-vvv' '--force' '--sign' 'B24AB0EA4CB2AB5E40CD1EDEB1DD4FED2D837A04' '--preserve-metadata=identifier,flags' '--entitlements' '/var/folders/54/_t470zws085f98792ddpn4ph0000gn/T/XcodeDistPipeline.RQJ/entitlementsEJkin2' '/var/folders/54/_t470zws085f98792ddpn4ph0000gn/T/XcodeDistPipeline.RQJ/Root/Payload/TeamShout.app'
2018-08-22 15:22:39 +0000  /var/folders/54/_t470zws085f98792ddpn4ph0000gn/T/XcodeDistPipeline.RQJ/Root/Payload/TeamShout.app: replacing existing signature
2018-08-22 15:22:39 +0000  /var/folders/54/_t470zws085f98792ddpn4ph0000gn/T/XcodeDistPipeline.RQJ/Root/Payload/TeamShout.app: signed app bundle with Mach-O universal (armv7 arm64) [com.bigjump.teamshoutapp]
2018-08-22 15:22:39 +0000  2018-08-22 15:22:39 +0000  

2018-08-22 15:22:39 +0000  /usr/bin/codesign exited with 0
2018-08-22 15:22:39 +0000  
2018-08-22 15:22:39 +0000  
2018-08-22 15:22:39 +0000  Processing step: IDEDistributionStreamingZipItemStep
2018-08-22 15:22:39 +0000  Skipping step: IDEDistributionStreamingZipItemStep because it said so
2018-08-22 15:22:39 +0000  Processing step: IDEDistributionCreateIPAStep
2018-08-22 15:22:39 +0000  Running /usr/bin/ditto '-V' '-c' '-k' '--norsrc' '/var/folders/54/_t470zws085f98792ddpn4ph0000gn/T/XcodeDistPipeline.RQJ/Root' '/var/folders/54/_t470zws085f98792ddpn4ph0000gn/T/XcodeDistPipeline.RQJ/Packages/TeamShout.ipa'
2018-08-22 15:22:39 +0000  >>> Copying /var/folders/54/_t470zws085f98792ddpn4ph0000gn/T/XcodeDistPipeline.RQJ/Root 
2018-08-22 15:22:39 +0000  copying file ./Payload/TeamShout.app/_CodeSignature/CodeResources ... 
2018-08-22 15:22:39 +0000  39153 bytes for ./Payload/TeamShout.app/_CodeSignature/CodeResources
2018-08-22 15:22:39 +0000  copying file ./Payload/TeamShout.app/AppIcon20x20@2x.png ... 
2018-08-22 15:22:39 +0000  1169 bytes for ./Payload/TeamShout.app/AppIcon20x20@2x.png
copying file ./Payload/TeamShout.app/TeamShout ... 
2018-08-22 15:22:39 +0000  2927728 bytes for ./Payload/TeamShout.app/TeamShout
copying file ./Payload/TeamShout.app/MainViewController.nib ... 
2018-08-22 15:22:39 +0000  943 bytes for ./Payload/TeamShout.app/MainViewController.nib
copying file ./Payload/TeamShout.app/AppIcon57x57.png ... 
2154 bytes for ./Payload/TeamShout.app/AppIcon57x57.png
copying file ./Payload/TeamShout.app/AppIcon20x20@3x.png ... 
2264 bytes for ./Payload/TeamShout.app/AppIcon20x20@3x.png
copying file ./Payload/TeamShout.app/AppIcon29x29.png ... 
1194 bytes for ./Payload/TeamShout.app/AppIcon29x29.png
copying file ./Payload/TeamShout.app/AppIcon60x60@2x.png ... 
5640 bytes for ./Payload/TeamShout.app/AppIcon60x60@2x.png
copying file ./Payload/TeamShout.app/AppIcon72x72@2x~ipad.png ... 
2018-08-22 15:22:39 +0000  7497 bytes for ./Payload/TeamShout.app/AppIcon72x72@2x~ipad.png
copying file ./Payload/TeamShout.app/AppIcon29x29@2x.png ... 
2018-08-22 15:22:39 +0000  2195 bytes for ./Payload/TeamShout.app/AppIcon29x29@2x.png
copying file ./Payload/TeamShout.app/AppIcon40x40@3x.png ... 
2018-08-22 15:22:39 +0000  5640 bytes for ./Payload/TeamShout.app/AppIcon40x40@3x.png
copying file ./Payload/TeamShout.app/AppIcon57x57@2x.png ... 
2018-08-22 15:22:39 +0000  5226 bytes for ./Payload/TeamShout.app/AppIcon57x57@2x.png
copying file ./Payload/TeamShout.app/AppIcon29x29~ipad.png ... 
2018-08-22 15:22:39 +0000  1194 bytes for ./Payload/TeamShout.app/AppIcon29x29~ipad.png
2018-08-22 15:22:39 +0000  copying file ./Payload/TeamShout.app/AppIcon40x40@2x.png ... 
2018-08-22 15:22:39 +0000  3173 bytes for ./Payload/TeamShout.app/AppIcon40x40@2x.png
copying file ./Payload/TeamShout.app/AppIcon29x29@3x.png ... 
2018-08-22 15:22:39 +0000  3605 bytes for ./Payload/TeamShout.app/AppIcon29x29@3x.png
copying file ./Payload/TeamShout.app/GoogleService-Info.plist ... 
2018-08-22 15:22:39 +0000  885 bytes for ./Payload/TeamShout.app/GoogleService-Info.plist
copying file ./Payload/TeamShout.app/AppIcon60x60@3x.png ... 
2018-08-22 15:22:39 +0000  10823 bytes for ./Payload/TeamShout.app/AppIcon60x60@3x.png
copying file ./Payload/TeamShout.app/config.xml ... 
2018-08-22 15:22:39 +0000  4186 bytes for ./Payload/TeamShout.app/config.xml
2018-08-22 15:22:39 +0000  copying file ./Payload/TeamShout.app/www/index.html ... 
2018-08-22 15:22:39 +0000  743 bytes for ./Payload/TeamShout.app/www/index.html
copying file ./Payload/TeamShout.app/www/statics/favicon-16x16.png ... 
2018-08-22 15:22:39 +0000  1128 bytes for ./Payload/TeamShout.app/www/statics/favicon-16x16.png
2018-08-22 15:22:39 +0000  copying file ./Payload/TeamShout.app/www/statics/js/jwt-decode.min.js ... 
2018-08-22 15:22:39 +0000  2578 bytes for ./Payload/TeamShout.app/www/statics/js/jwt-decode.min.js
2018-08-22 15:22:39 +0000  copying file ./Payload/TeamShout.app/www/statics/ios/ios-launchimage-1536-2048.png ... 
2018-08-22 15:22:39 +0000  353987 bytes for ./Payload/TeamShout.app/www/statics/ios/ios-launchimage-1536-2048.png
2018-08-22 15:22:39 +0000  copying file ./Payload/TeamShout.app/www/statics/ios/ios-launchimage-1024-768.png ... 
2018-08-22 15:22:39 +0000  115386 bytes for ./Payload/TeamShout.app/www/statics/ios/ios-launchimage-1024-768.png
copying file ./Payload/TeamShout.app/www/statics/ios/ios-appicon-1024-1024.png ... 
2018-08-22 15:22:39 +0000  180691 bytes for ./Payload/TeamShout.app/www/statics/ios/ios-appicon-1024-1024.png
copying file ./Payload/TeamShout.app/www/statics/ios/ios-launchimage-1242-2208.png ... 
2018-08-22 15:22:39 +0000  253863 bytes for ./Payload/TeamShout.app/www/statics/ios/ios-launchimage-1242-2208.png
copying file ./Payload/TeamShout.app/www/statics/ios/ios-appicon-76-76.png ... 
2018-08-22 15:22:39 +0000  2698 bytes for ./Payload/TeamShout.app/www/statics/ios/ios-appicon-76-76.png
copying file ./Payload/TeamShout.app/www/statics/ios/ios-launchimage-768-1024.png ... 
2018-08-22 15:22:39 +0000  114649 bytes for ./Payload/TeamShout.app/www/statics/ios/ios-launchimage-768-1024.png
copying file ./Payload/TeamShout.app/www/statics/ios/ios-launchimage-2208-1242.png ... 
2018-08-22 15:22:39 +0000  259502 bytes for ./Payload/TeamShout.app/www/statics/ios/ios-launchimage-2208-1242.png
copying file ./Payload/TeamShout.app/www/statics/ios/ios-launchimage-750-1334.png ... 
2018-08-22 15:22:39 +0000  111664 bytes for ./Payload/TeamShout.app/www/statics/ios/ios-launchimage-750-1334.png
2018-08-22 15:22:39 +0000  copying file ./Payload/TeamShout.app/www/statics/ios/ios-launchimage-640-960.png ... 
2018-08-22 15:22:39 +0000  84690 bytes for ./Payload/TeamShout.app/www/statics/ios/ios-launchimage-640-960.png
copying file ./Payload/TeamShout.app/www/statics/ios/ios-launchimage-640-1136.png ... 
2018-08-22 15:22:39 +0000  86181 bytes for ./Payload/TeamShout.app/www/statics/ios/ios-launchimage-640-1136.png
copying file ./Payload/TeamShout.app/www/statics/ios/ios-appicon-120-120.png ... 
2018-08-22 15:22:39 +0000  4732 bytes for ./Payload/TeamShout.app/www/statics/ios/ios-appicon-120-120.png
copying file ./Payload/TeamShout.app/www/statics/ios/ios-launchimage-2048-1536.png ... 
2018-08-22 15:22:39 +0000  357884 bytes for ./Payload/TeamShout.app/www/statics/ios/ios-launchimage-2048-1536.png
copying file ./Payload/TeamShout.app/www/statics/ios/ios-appicon-152-152.png ... 
2018-08-22 15:22:39 +0000  6843 bytes for ./Payload/TeamShout.app/www/statics/ios/ios-appicon-152-152.png
copying file ./Payload/TeamShout.app/www/statics/ios/ios-launchimage-1334-750.png ... 
2018-08-22 15:22:39 +0000  111900 bytes for ./Payload/TeamShout.app/www/statics/ios/ios-launchimage-1334-750.png
copying file ./Payload/TeamShout.app/www/statics/ios/ios-appicon-180-180.png ... 
2018-08-22 15:22:39 +0000  8835 bytes for ./Payload/TeamShout.app/www/statics/ios/ios-appicon-180-180.png
2018-08-22 15:22:39 +0000  copying file ./Payload/TeamShout.app/www/statics/android/android-launchericon-512-512.png ... 
2018-08-22 15:22:39 +0000  55677 bytes for ./Payload/TeamShout.app/www/statics/android/android-launchericon-512-512.png
copying file ./Payload/TeamShout.app/www/statics/android/android-launchericon-144-144.png ... 
2018-08-22 15:22:39 +0000  6216 bytes for ./Payload/TeamShout.app/www/statics/android/android-launchericon-144-144.png
copying file ./Payload/TeamShout.app/www/statics/android/android-launchericon-48-48.png ... 
2018-08-22 15:22:39 +0000  1658 bytes for ./Payload/TeamShout.app/www/statics/android/android-launchericon-48-48.png
copying file ./Payload/TeamShout.app/www/statics/android/android-launchericon-192-192.png ... 
2018-08-22 15:22:39 +0000  9995 bytes for ./Payload/TeamShout.app/www/statics/android/android-launchericon-192-192.png
2018-08-22 15:22:39 +0000  copying file ./Payload/TeamShout.app/www/statics/android/android-launchericon-96-96.png ... 
2018-08-22 15:22:39 +0000  3433 bytes for ./Payload/TeamShout.app/www/statics/android/android-launchericon-96-96.png
copying file ./Payload/TeamShout.app/www/statics/android/android-launchericon-72-72.png ... 
2018-08-22 15:22:39 +0000  2540 bytes for ./Payload/TeamShout.app/www/statics/android/android-launchericon-72-72.png
2018-08-22 15:22:39 +0000  copying file ./Payload/TeamShout.app/www/statics/icons/favicon-16x16.png ... 
2018-08-22 15:22:39 +0000  1355 bytes for ./Payload/TeamShout.app/www/statics/icons/favicon-16x16.png
copying file ./Payload/TeamShout.app/www/statics/icons/icon-192x192.png ... 
2018-08-22 15:22:39 +0000  10518 bytes for ./Payload/TeamShout.app/www/statics/icons/icon-192x192.png
copying file ./Payload/TeamShout.app/www/statics/icons/icon-256x256.png ... 
2018-08-22 15:22:39 +0000  15048 bytes for ./Payload/TeamShout.app/www/statics/icons/icon-256x256.png
copying file ./Payload/TeamShout.app/www/statics/icons/icon-384x384.png ... 
2018-08-22 15:22:39 +0000  23241 bytes for ./Payload/TeamShout.app/www/statics/icons/icon-384x384.png
copying file ./Payload/TeamShout.app/www/statics/icons/ms-icon-144x144.png ... 
2018-08-22 15:22:39 +0000  12292 bytes for ./Payload/TeamShout.app/www/statics/icons/ms-icon-144x144.png
copying file ./Payload/TeamShout.app/www/statics/icons/apple-icon-152x152.png ... 
2018-08-22 15:22:39 +0000  13156 bytes for ./Payload/TeamShout.app/www/statics/icons/apple-icon-152x152.png
copying file ./Payload/TeamShout.app/www/statics/icons/icon-512x512.png ... 
2018-08-22 15:22:39 +0000  29707 bytes for ./Payload/TeamShout.app/www/statics/icons/icon-512x512.png
copying file ./Payload/TeamShout.app/www/statics/icons/favicon-32x32.png ... 
2018-08-22 15:22:39 +0000  2604 bytes for ./Payload/TeamShout.app/www/statics/icons/favicon-32x32.png
copying file ./Payload/TeamShout.app/www/statics/icons/icon-128x128.png ... 
2018-08-22 15:22:39 +0000  7197 bytes for ./Payload/TeamShout.app/www/statics/icons/icon-128x128.png
2018-08-22 15:22:39 +0000  copying file ./Payload/TeamShout.app/www/statics/quasar-logo.png ... 
2018-08-22 15:22:39 +0000  7197 bytes for ./Payload/TeamShout.app/www/statics/quasar-logo.png
copying file ./Payload/TeamShout.app/www/statics/favicon-32x32.png ... 
2018-08-22 15:22:39 +0000  1743 bytes for ./Payload/TeamShout.app/www/statics/favicon-32x32.png
2018-08-22 15:22:39 +0000  copying file ./Payload/TeamShout.app/www/cordova.js ... 
2018-08-22 15:22:40 +0000  78123 bytes for ./Payload/TeamShout.app/www/cordova.js
2018-08-22 15:22:40 +0000  copying file ./Payload/TeamShout.app/www/plugins/cordova-plugin-customurlscheme/www/ios/LaunchMyApp.js ... 
2018-08-22 15:22:40 +0000  479 bytes for ./Payload/TeamShout.app/www/plugins/cordova-plugin-customurlscheme/www/ios/LaunchMyApp.js
2018-08-22 15:22:40 +0000  copying file ./Payload/TeamShout.app/www/plugins/cordova-plugin-wkwebview-engine/src/www/ios/ios-wkwebview.js ... 
2018-08-22 15:22:40 +0000  1167 bytes for ./Payload/TeamShout.app/www/plugins/cordova-plugin-wkwebview-engine/src/www/ios/ios-wkwebview.js
2018-08-22 15:22:40 +0000  copying file ./Payload/TeamShout.app/www/plugins/cordova-plugin-wkwebview-engine/src/www/ios/ios-wkwebview-exec.js ... 
2018-08-22 15:22:40 +0000  6170 bytes for ./Payload/TeamShout.app/www/plugins/cordova-plugin-wkwebview-engine/src/www/ios/ios-wkwebview-exec.js
2018-08-22 15:22:40 +0000  copying file ./Payload/TeamShout.app/www/plugins/cordova-plugin-splashscreen/www/splashscreen.js ... 
2018-08-22 15:22:40 +0000  1173 bytes for ./Payload/TeamShout.app/www/plugins/cordova-plugin-splashscreen/www/splashscreen.js
2018-08-22 15:22:40 +0000  copying file ./Payload/TeamShout.app/www/plugins/cordova-plugin-fcm/www/FCMPlugin.js ... 
2018-08-22 15:22:40 +0000  1639 bytes for ./Payload/TeamShout.app/www/plugins/cordova-plugin-fcm/www/FCMPlugin.js
2018-08-22 15:22:40 +0000  copying file ./Payload/TeamShout.app/www/js/2.js ... 
2018-08-22 15:22:40 +0000  119930 bytes for ./Payload/TeamShout.app/www/js/2.js
copying file ./Payload/TeamShout.app/www/js/6.js ... 
2018-08-22 15:22:40 +0000  8611 bytes for ./Payload/TeamShout.app/www/js/6.js
copying file ./Payload/TeamShout.app/www/js/7.js ... 
2018-08-22 15:22:40 +0000  1613 bytes for ./Payload/TeamShout.app/www/js/7.js
copying file ./Payload/TeamShout.app/www/js/3.js ... 
2018-08-22 15:22:40 +0000  2180 bytes for ./Payload/TeamShout.app/www/js/3.js
2018-08-22 15:22:40 +0000  copying file ./Payload/TeamShout.app/www/js/11.js ... 
1381 bytes for ./Payload/TeamShout.app/www/js/11.js
2018-08-22 15:22:40 +0000  copying file ./Payload/TeamShout.app/www/js/8.js ... 
2018-08-22 15:22:40 +0000  1958 bytes for ./Payload/TeamShout.app/www/js/8.js
copying file ./Payload/TeamShout.app/www/js/15.js ... 
2018-08-22 15:22:40 +0000  745 bytes for ./Payload/TeamShout.app/www/js/15.js
copying file ./Payload/TeamShout.app/www/js/14.js ... 
2018-08-22 15:22:40 +0000  737 bytes for ./Payload/TeamShout.app/www/js/14.js
copying file ./Payload/TeamShout.app/www/js/10.js ... 
2018-08-22 15:22:40 +0000  1274 bytes for ./Payload/TeamShout.app/www/js/10.js
copying file ./Payload/TeamShout.app/www/js/9.js ... 
2018-08-22 15:22:40 +0000  1173 bytes for ./Payload/TeamShout.app/www/js/9.js
copying file ./Payload/TeamShout.app/www/js/vendor.js ... 
2018-08-22 15:22:40 +0000  1883173 bytes for ./Payload/TeamShout.app/www/js/vendor.js
copying file ./Payload/TeamShout.app/www/js/13.js ... 
2018-08-22 15:22:40 +0000  709 bytes for ./Payload/TeamShout.app/www/js/13.js
copying file ./Payload/TeamShout.app/www/js/12.js ... 
727 bytes for ./Payload/TeamShout.app/www/js/12.js
copying file ./Payload/TeamShout.app/www/js/16.js ... 
640 bytes for ./Payload/TeamShout.app/www/js/16.js
copying file ./Payload/TeamShout.app/www/js/4.js ... 
813 bytes for ./Payload/TeamShout.app/www/js/4.js
copying file ./Payload/TeamShout.app/www/js/0.js ... 
14104 bytes for ./Payload/TeamShout.app/www/js/0.js
copying file ./Payload/TeamShout.app/www/js/app.js ... 
2018-08-22 15:22:40 +0000  212950 bytes for ./Payload/TeamShout.app/www/js/app.js
copying file ./Payload/TeamShout.app/www/js/5.js ... 
2018-08-22 15:22:40 +0000  3671 bytes for ./Payload/TeamShout.app/www/js/5.js
2018-08-22 15:22:40 +0000  copying file ./Payload/TeamShout.app/www/img/tinymce-small.svg ... 
2018-08-22 15:22:40 +0000  24727 bytes for ./Payload/TeamShout.app/www/img/tinymce-small.svg
copying file ./Payload/TeamShout.app/www/img/tinymce.svg ... 
2018-08-22 15:22:40 +0000  45989 bytes for ./Payload/TeamShout.app/www/img/tinymce.svg
2018-08-22 15:22:40 +0000  copying file ./Payload/TeamShout.app/www/cordova-js-src/exec.js ... 
2018-08-22 15:22:40 +0000  8877 bytes for ./Payload/TeamShout.app/www/cordova-js-src/exec.js
2018-08-22 15:22:40 +0000  copying file ./Payload/TeamShout.app/www/cordova-js-src/plugin/ios/logger.js ... 
2018-08-22 15:22:40 +0000  10233 bytes for ./Payload/TeamShout.app/www/cordova-js-src/plugin/ios/logger.js
copying file ./Payload/TeamShout.app/www/cordova-js-src/plugin/ios/console.js ... 
2018-08-22 15:22:40 +0000  6822 bytes for ./Payload/TeamShout.app/www/cordova-js-src/plugin/ios/console.js
2018-08-22 15:22:40 +0000  copying file ./Payload/TeamShout.app/www/cordova-js-src/platform.js ... 
1168 bytes for ./Payload/TeamShout.app/www/cordova-js-src/platform.js
2018-08-22 15:22:40 +0000  copying file ./Payload/TeamShout.app/www/cordova_plugins.js ... 
1563 bytes for ./Payload/TeamShout.app/www/cordova_plugins.js
2018-08-22 15:22:40 +0000  copying file ./Payload/TeamShout.app/www/fonts/tinymce.ttf ... 
2018-08-22 15:22:40 +0000  18644 bytes for ./Payload/TeamShout.app/www/fonts/tinymce.ttf
copying file ./Payload/TeamShout.app/www/fonts/KFOlCnqEu92Fr1MmEU9fBBc-.woff ... 
2018-08-22 15:22:40 +0000  20012 bytes for ./Payload/TeamShout.app/www/fonts/KFOlCnqEu92Fr1MmEU9fBBc-.woff
copying file ./Payload/TeamShout.app/www/fonts/flUhRq6tzZclQEJ-Vdg-IuiaDsNa.woff ... 
2018-08-22 15:22:40 +0000  71764 bytes for ./Payload/TeamShout.app/www/fonts/flUhRq6tzZclQEJ-Vdg-IuiaDsNa.woff
copying file ./Payload/TeamShout.app/www/fonts/KFOlCnqEu92Fr1MmWUlfBBc-.woff ... 
2018-08-22 15:22:40 +0000  19888 bytes for ./Payload/TeamShout.app/www/fonts/KFOlCnqEu92Fr1MmWUlfBBc-.woff
copying file ./Payload/TeamShout.app/www/fonts/fa-regular-400.woff2 ... 
2018-08-22 15:22:40 +0000  14888 bytes for ./Payload/TeamShout.app/www/fonts/fa-regular-400.woff2
copying file ./Payload/TeamShout.app/www/fonts/tinymce.woff ... 
2018-08-22 15:22:40 +0000  18720 bytes for ./Payload/TeamShout.app/www/fonts/tinymce.woff
copying file ./Payload/TeamShout.app/www/fonts/tinymce.eot ... 
2018-08-22 15:22:40 +0000  18808 bytes for ./Payload/TeamShout.app/www/fonts/tinymce.eot
copying file ./Payload/TeamShout.app/www/fonts/flUhRq6tzZclQEJ-Vdg-IuiaDsNcIhQ8tQ.woff2 ... 
2018-08-22 15:22:40 +0000  54644 bytes for ./Payload/TeamShout.app/www/fonts/flUhRq6tzZclQEJ-Vdg-IuiaDsNcIhQ8tQ.woff2
2018-08-22 15:22:40 +0000  copying file ./Payload/TeamShout.app/www/fonts/KFOlCnqEu92Fr1MmSU5fBBc-.woff ... 
19916 bytes for ./Payload/TeamShout.app/www/fonts/KFOlCnqEu92Fr1MmSU5fBBc-.woff
copying file ./Payload/TeamShout.app/www/fonts/clarendonbtroman.ttf ... 
2018-08-22 15:22:40 +0000  47272 bytes for ./Payload/TeamShout.app/www/fonts/clarendonbtroman.ttf
copying file ./Payload/TeamShout.app/www/fonts/tt0284m.ttf ... 
2018-08-22 15:22:40 +0000  52876 bytes for ./Payload/TeamShout.app/www/fonts/tt0284m.ttf
copying file ./Payload/TeamShout.app/www/fonts/fa-regular-400.woff ... 
2018-08-22 15:22:40 +0000  18156 bytes for ./Payload/TeamShout.app/www/fonts/fa-regular-400.woff
copying file ./Payload/TeamShout.app/www/fonts/fa-solid-900.woff ... 
2018-08-22 15:22:40 +0000  80484 bytes for ./Payload/TeamShout.app/www/fonts/fa-solid-900.woff
copying file ./Payload/TeamShout.app/www/fonts/KFOmCnqEu92Fr1Mu4mxM.woff ... 
2018-08-22 15:22:40 +0000  19824 bytes for ./Payload/TeamShout.app/www/fonts/KFOmCnqEu92Fr1Mu4mxM.woff
copying file ./Payload/TeamShout.app/www/fonts/KFOlCnqEu92Fr1MmYUtfBBc-.woff ... 
2018-08-22 15:22:40 +0000  19936 bytes for ./Payload/TeamShout.app/www/fonts/KFOlCnqEu92Fr1MmYUtfBBc-.woff
copying file ./Payload/TeamShout.app/www/fonts/fa-solid-900.woff2 ... 
2018-08-22 15:22:40 +0000  62472 bytes for ./Payload/TeamShout.app/www/fonts/fa-solid-900.woff2
copying file ./Payload/TeamShout.app/www/fonts/KFOkCnqEu92Fr1MmgVxIIzQ.woff ... 
2018-08-22 15:22:40 +0000  19936 bytes for ./Payload/TeamShout.app/www/fonts/KFOkCnqEu92Fr1MmgVxIIzQ.woff
copying file ./Payload/TeamShout.app/www/fonts/fa-brands-400.woff2 ... 
2018-08-22 15:22:40 +0000  64144 bytes for ./Payload/TeamShout.app/www/fonts/fa-brands-400.woff2
copying file ./Payload/TeamShout.app/www/fonts/fa-brands-400.woff ... 
2018-08-22 15:22:40 +0000  74928 bytes for ./Payload/TeamShout.app/www/fonts/fa-brands-400.woff
2018-08-22 15:22:40 +0000  copying file ./Payload/TeamShout.app/Assets.car ... 
2018-08-22 15:22:40 +0000  401976 bytes for ./Payload/TeamShout.app/Assets.car
copying file ./Payload/TeamShout.app/AppIcon40x40@2x~ipad.png ... 
2018-08-22 15:22:40 +0000  3173 bytes for ./Payload/TeamShout.app/AppIcon40x40@2x~ipad.png
2018-08-22 15:22:40 +0000  copying file ./Payload/TeamShout.app/AppIcon76x76@2x~ipad.png ... 
2018-08-22 15:22:40 +0000  8200 bytes for ./Payload/TeamShout.app/AppIcon76x76@2x~ipad.png
copying file ./Payload/TeamShout.app/AppIcon72x72~ipad.png ... 
2018-08-22 15:22:40 +0000  2904 bytes for ./Payload/TeamShout.app/AppIcon72x72~ipad.png
2018-08-22 15:22:40 +0000  copying file ./Payload/TeamShout.app/CDVLaunchScreen.storyboardc/01J-lp-oVM-view-Ze5-6b-2t3.nib ... 
2018-08-22 15:22:40 +0000  2283 bytes for ./Payload/TeamShout.app/CDVLaunchScreen.storyboardc/01J-lp-oVM-view-Ze5-6b-2t3.nib
copying file ./Payload/TeamShout.app/CDVLaunchScreen.storyboardc/UIViewController-01J-lp-oVM.nib ... 
2018-08-22 15:22:40 +0000  832 bytes for ./Payload/TeamShout.app/CDVLaunchScreen.storyboardc/UIViewController-01J-lp-oVM.nib
copying file ./Payload/TeamShout.app/CDVLaunchScreen.storyboardc/Info.plist ... 
2018-08-22 15:22:40 +0000  258 bytes for ./Payload/TeamShout.app/CDVLaunchScreen.storyboardc/Info.plist
copying file ./Payload/TeamShout.app/AppIcon83.5x83.5@2x~ipad.png ... 
2018-08-22 15:22:40 +0000  28234 bytes for ./Payload/TeamShout.app/AppIcon83.5x83.5@2x~ipad.png
copying file ./Payload/TeamShout.app/AppIcon50x50~ipad.png ... 
2018-08-22 15:22:40 +0000  1611 bytes for ./Payload/TeamShout.app/AppIcon50x50~ipad.png
copying file ./Payload/TeamShout.app/AppIcon29x29@2x~ipad.png ... 
2018-08-22 15:22:40 +0000  2195 bytes for ./Payload/TeamShout.app/AppIcon29x29@2x~ipad.png
copying file ./Payload/TeamShout.app/AppIcon50x50@2x~ipad.png ... 
2018-08-22 15:22:40 +0000  4352 bytes for ./Payload/TeamShout.app/AppIcon50x50@2x~ipad.png
2018-08-22 15:22:40 +0000  copying file ./Payload/TeamShout.app/AppIcon40x40~ipad.png ... 
1169 bytes for ./Payload/TeamShout.app/AppIcon40x40~ipad.png
2018-08-22 15:22:40 +0000  copying file ./Payload/TeamShout.app/embedded.mobileprovision ... 
2018-08-22 15:22:40 +0000  9836 bytes for ./Payload/TeamShout.app/embedded.mobileprovision
copying file ./Payload/TeamShout.app/AppIcon20x20@2x~ipad.png ... 
2018-08-22 15:22:40 +0000  1169 bytes for ./Payload/TeamShout.app/AppIcon20x20@2x~ipad.png
copying file ./Payload/TeamShout.app/Info.plist ... 
2018-08-22 15:22:40 +0000  1679 bytes for ./Payload/TeamShout.app/Info.plist
copying file ./Payload/TeamShout.app/PkgInfo ... 
2018-08-22 15:22:40 +0000  8 bytes for ./Payload/TeamShout.app/PkgInfo
copying file ./Payload/TeamShout.app/AppIcon76x76~ipad.png ... 
2018-08-22 15:22:40 +0000  3126 bytes for ./Payload/TeamShout.app/AppIcon76x76~ipad.png
2018-08-22 15:22:40 +0000  2018-08-22 15:22:40 +0000  

2018-08-22 15:22:40 +0000  /usr/bin/ditto exited with 0
2018-08-22 15:22:40 +0000  2018-08-22 15:22:40 +0000  

2018-08-22 15:22:40 +0000  Processing step: IDEDistributionCreateManifestStep
